=> spekflowlerning.Features._77OnlineshopFeature.ClickAnmeldenWithoutIputAnData
